<html>
<body>
<pre>
<h1>µVision Build Log</h1>
<h2>Tool Versions:</h2>
IDE-Version: ¦ÌVision V5.14.0.0
Copyright (C) 2015 ARM Ltd and ARM Germany GmbH. All rights reserved.
License Information: Linus Liao, Flight, LIC=X1E4T-R10SC-D3TM3-AA07Q-PM13F-CP9I4
 
Tool Versions:
Toolchain:       MDK-ARM Professional  Version: 5.14.0.0
Toolchain Path:  C:\Keil_v5\ARM\ARMCC\Bin
C Compiler:      Armcc.exe V5.05 update 1 (build 106)
Assembler:       Armasm.exe V5.05 update 1 (build 106)
Linker/Locator:  ArmLink.exe V5.05 update 1 (build 106)
Library Manager: ArmAr.exe V5.05 update 1 (build 106)
Hex Converter:   FromElf.exe V5.05 update 1 (build 106)
CPU DLL:         SARMCM3.DLL V5.14.0.0
Dialog DLL:      DCM.DLL V1.13.1.0
Target DLL:      CMSIS_AGDI.dll V1.21.0.0
Dialog DLL:      TCM.DLL V1.14.4.0
 
<h2>Project:</h2>
F:\TUYAIOT\TuYa-Iot-hygrothermograph_V2\Project.uvprojx
Project File Date:  02/22/2021

<h2>Output:</h2>
Build target 'Target 1'
compiling main.c...
compiling delay.c...
USER\delay.c(29): warning:  #1-D: last line of file ends without a newline
  }
USER\delay.c: 1 warning, 0 errors
compiling TIM.c...
compiling GPIO.c...
USER\HARDWARE\GPIO\GPIO.c(103): error:  #268: declaration may not appear after executable statement in block
        EXTI_InitTypeDef EXTI_InitStructure;
USER\HARDWARE\GPIO\GPIO.c(104): error:  #268: declaration may not appear after executable statement in block
        NVIC_InitTypeDef NVIC_InitStructure;
USER\HARDWARE\GPIO\GPIO.c: 0 warnings, 2 errors
compiling UART.c...
compiling TIM_ISR.c...
compiling OLED.c...
USER\DRIVE\OLED\OLED.c(359): error:  #513: a value of type "const unsigned char *" cannot be assigned to an entity of type "u8"
                                OLED_GRAM[x+wm][y] = Hzk[adder++];    
USER\DRIVE\OLED\OLED.c(361): error:  #513: a value of type "const unsigned char *" cannot be assigned to an entity of type "u8"
                                OLED_GRAM[x+wm][y+1] = Hzk[adder++];            
USER\DRIVE\OLED\OLED.c: 0 warnings, 2 errors
compiling SHT30.c...
USER\DRIVE\SHT30\SHT30.c(248): warning:  #940-D: missing return statement at end of non-void function "sht30_read_temp_humi"
  }
USER\DRIVE\SHT30\SHT30.c: 1 warning, 0 errors
compiling core_cm3.c...
compiling stm32f10x_it.c...
compiling system_stm32f10x.c...
compiling misc.c...
compiling stm32f10x_adc.c...
compiling stm32f10x_bkp.c...
compiling stm32f10x_can.c...
compiling stm32f10x_cec.c...
compiling stm32f10x_crc.c...
compiling stm32f10x_dac.c...
compiling stm32f10x_dbgmcu.c...
compiling stm32f10x_dma.c...
compiling stm32f10x_exti.c...
compiling stm32f10x_flash.c...
compiling stm32f10x_fsmc.c...
compiling stm32f10x_gpio.c...
compiling stm32f10x_i2c.c...
compiling stm32f10x_iwdg.c...
compiling stm32f10x_pwr.c...
compiling stm32f10x_rcc.c...
compiling stm32f10x_rtc.c...
compiling stm32f10x_sdio.c...
compiling stm32f10x_spi.c...
compiling stm32f10x_tim.c...
compiling stm32f10x_usart.c...
compiling stm32f10x_wwdg.c...
compiling sys.c...
compiling cJSON.c...
NET\cJSON\cJSON.c(55): warning:  #1293-D: assignment in condition
        if (!(copy = (char*)cJSON_malloc(len))) return 0;
NET\cJSON\cJSON.c(278): warning:  #1293-D: assignment in condition
        ptr=str;while ((token=*ptr) && ++len) {if (strchr("\"\\\b\f\n\r\t",token)) len++; else if (token<32) len+=5;ptr++;}
NET\cJSON\cJSON.c(352): warning:  #111-D: statement is unreachable
        return p.buffer;
NET\cJSON\cJSON.c(423): warning:  #1293-D: assignment in condition
                if (!(new_item=cJSON_New_Item())) return 0;     /* memory fail */
NET\cJSON\cJSON.c(535): warning:  #1293-D: assignment in condition
                if (!(new_item=cJSON_New_Item()))       return 0; /* memory fail */
NET\cJSON\cJSON.c: 5 warnings, 0 errors
compiling mcu_api.c...
USER\TY_SDK\mcu_api.c(139): error:  #268: declaration may not appear after executable statement in block
      char *p = dest;
USER\TY_SDK\mcu_api.c: 0 warnings, 1 error
compiling protocol.c...
USER\TY_SDK\protocol.c(111): warning:  #223-D: function "USART2_SendByte" declared implicitly
        USART2_SendByte(value);
USER\TY_SDK\protocol.c(628): warning:  #223-D: function "UsartPrintf" declared implicitly
                        UsartPrintf(USART1, "tuya_mdev_test Route Not Find\r\n");
USER\TY_SDK\protocol.c(630): warning:  #223-D: function "UsartPrintf" declared implicitly
              UsartPrintf(USART1, "Unauthorized module\r\n");//æ¨¡å—æœªæŽˆæ?              ^
USER\TY_SDK\protocol.c(633): warning:  #223-D: function "UsartPrintf" declared implicitly
          UsartPrintf(USART1, "WiFi test OK!\r\n");//æµ‹è¯•æˆåŠŸ
USER\TY_SDK\protocol.c: 4 warnings, 0 errors
compiling system.c...
USER\TY_SDK\system.c(150): warning:  #177-D: variable "str" was declared but never referenced
      unsigned char str[10] = {0};
USER\TY_SDK\system.c: 1 warning, 0 errors
".\Objects\Project.axf" - 5 Error(s), 12 Warning(s).

<h2>Collection of Component include folders:</h2>
  F:\TUYAIOT\TuYa-Iot-hygrothermograph_V2\RTE
  C:\Keil_v5\ARM\PACK\Geehy\APM32F1xx_DFP\1.0.5

<h2>Collection of Component Files used:</h2>
Target not created.
</pre>
</body>
</html>
